<?xml version="1.0" encoding="UTF-8"?>
<!-- Generated by org.testng.reporters.JUnitReportReporter -->
<testsuite hostname="DESKTOP-UHE9LTI" failures="0" tests="1" name="testbd.com.TC_001" time="86.760" errors="0" timestamp="2022-01-16T12:38:18 BDT" skipped="0">
  <testcase classname="testbd.com.TC_001" name="Daraz" time="86.760"/>
  <system-out/>
</testsuite> <!-- testbd.com.TC_001 -->
